
> ticketbookingsite@1.0.0 dev
> nodemon src/server.js

[33m[nodemon] 3.1.14[39m
[33m[nodemon] to restart at any time, enter `rs`[39m
[33m[nodemon] watching path(s): *.*[39m
[33m[nodemon] watching extensions: js,mjs,cjs,json[39m
[32m[nodemon] starting `node src/server.js`[39m
‚óá injected env (10) from .env // tip: ‚óà secrets for agents [www.dotenvx.com]
‚óá injected env (0) from .env // tip: ‚åÅ auth for agents [www.vestauth.com]
‚óá injected env (0) from .env // tip: ‚åò custom filepath { path: '/custom/path/.env' }
‚óá injected env (0) from .env // tip: ‚óà encrypted .env [www.dotenvx.com]
‚óá injected env (0) from .env // tip: ‚åò suppress logs { quiet: true }
‚óá injected env (0) from .env // tip: ‚óà secrets for agents [www.dotenvx.com]
‚óá injected env (0) from .env // tip: ‚óà encrypted .env [www.dotenvx.com]
12774
(node:12774) Warning: NodeVersionSupportWarning: The AWS SDK for JavaScript (v3)
versions published after the first week of January 2027
will require node >=22. You are running node v20.20.0.

To continue receiving updates to AWS services, bug fixes,
and security updates please upgrade to node >=22.

More information can be found at: https://a.co/c895JFp
(Use `node --trace-warnings ...` to show where the warning was created)
Redis connected....
MongoDB connected....
‚úàÔ∏è  Airport cache initialized: 50 airports loaded
‚úÖ City cache initialized: 1224 cities loaded
üåÜ Cities seeded successfully from JSON
‚úàÔ∏è  Airport cache initialized: 50 airports loaded
‚úàÔ∏è  Airports seeded successfully from JSON
The server is running at the port: 3000
[32m[nodemon] restarting due to changes...[39m
[3[32m[nodemon] starting `node src/server.js`[3‚óá‚óá injected env (10) from .env // tip: ‚åò suppress logs { quiet: true‚óá‚óá injected env (0) from .env // tip: ‚åò suppress logs { quiet: true }
‚óá injected env (0) from .env // tip: ‚óà secrets for agents [www.dotenvx.com]
‚óá injected env (0) from .env // tip: ‚åÅ auth for agents [www.vestauth.com]
‚óá injected env (0) from .env // tip: ‚åò suppress logs { quiet: true }
‚óá injected env (0) from .env // tip: ‚óà secrets for agents [www.dotenvx.com]
‚óá injected env (0) from .env // tip: ‚óà secrets for agents [www.dotenvx.com]
13104
(node:13104) Warning: NodeVersionSupportWarning: The AWS SDK for JavaScript (v3)
versions published after the first week of January 2027
will require node >=22. You are running node v20.20.0.

To continue receiving updates to AWS services, bug fixes,
and security updates please upgrade to node >=22.

More information can be found at: https://a.co/c895JFp
(Use `node --trace-warnings ...` to show where the warning was created)
Redis connected....
MongoDB connected..MongoDB connected....
‚úàÔ∏è  Airport cache initialized: 50 airports loaded
‚úÖ City cache initialized: 1224 cities loaded
üåÜ Cities seeded successfully from JSON
‚úàÔ∏è  Airport cache initialized: 50 airports loaded
‚úàÔ∏è  Airports seeded successfully from JSON
The server is running[32m[nodemon] rest[32m[nodemon] restarting due [32m[nodemon] star[32m[nodemon] starting `node s‚óá injected env (1‚óá injected env (10) from .env // tip: ‚åò multiple files { p‚óá injected env (0) from .env‚óá injected env (0) from .env // tip: ‚åò sup‚óá injected env (0) from .‚óá injected env (0) from .env // tip: ‚åò override‚óá injected env (0) from .en‚óá injected env (0) from .env // tip: ‚óà encryp‚óá injected env (0) from .‚óá injected env (0) from .env // tip: ‚åò override existing { override: true }
‚óá injected env (0) from .env // tip: ‚óà secrets for agents [www.dotenvx.com]
‚óá injected env (0) from .env // tip: ‚óà encrypted .env [www.dotenvx.com]
13154
(node:13154) Warning: NodeVersionSupportWarning: The AWS SDK for JavaScript (v3)
versions published after the first week of January 2027
will require node >=22. You are running node v20.20.0.

To continue receiving updates to AWS services, bug fixes,
and security updates please upgrade to node >=22.

More information can be found at: https://a.co/c895JFp
(Use `node --trace-warnings ...` to show where the warning was created)
RediMongoDB connecteMongoDB connected....
[32m[nodemon] restarting due to changes...[39m
[32m[nodemon] starting `node src/server.js`[39m
‚óá injected env (10) from .env // tip‚óá injected env (10) from .env // tip: ‚åÅ auth for agents [www.vestauth.com]
‚óá injected env (0) from .env // tip:‚óá injected env (0) from .env // tip: ‚åò enable deb‚óá injected env (0) fr‚óá injected env (0) from .env // tip: ‚åò suppress l‚óá injected env (0)‚óá injected env (0) from .env // tip: ‚óà encrypted .env [www.dotenv‚óá injected env (0) from .env // tip: ‚åò override existing { override: true }
‚óá injected env (0) from .env // tip: ‚åò enable debugging { debug: true }
‚óá injected env (0) from .env // tip: ‚óà encrypted .env [www.dotenvx.com]
13190
(node:13190) Warning: NodeVersionSupportWarning: The AWS SDK for JavaScript (v3)
versions published after the first week of January 2027
will require node >=22. You are running node v20.20.0.

To continue receiving updates to AWS services, bug fixes,
and security updates please upgrade to node >=22.

More information can be found at: https://a.co/c895JFp
(Use `node --MongoDB connected....
‚úàÔ∏è  Airport cache initialized: 50 airports loaded
[32m[nodemon] restarting due to changes...[39m
[32m[nodemon] starting `node src/server.js`[39m
‚óá injected env (10) from .env // tip: ‚åÅ auth for agents [www.vestauth.com]
‚óá injected env (10) from .env // tip: ‚åò multiple files { path: ['.env.lo‚óá injected env (0) from .env // tip: ‚åò custom filepath { path: '/custom/path/.env' }
‚óá injected env (0) from .env // tip: ‚åò enable debugging { debug: true }
‚óá injected env (0) from .env // tip: ‚åÅ auth for agents [www.vestauth.com]
‚óá injected env (0)‚óá injected env (0) from .env // tip: ‚åò custom filepath { path: '/custom/path/.env' }
‚óá injected env (0) from .env // tip: ‚åò suppress logs { quiet: true }
‚óá injected env (0) from .env // tip: ‚óà encrypted .env [www.dotenvx.com]
13232
(node:13232) Warning: NodeVersionSupportWarning: The AWS SDK for JavaScript (v3)
versions published after the first week of January 2027
will require node >=22. You are running node v20.20.0.

To continue receiving updates to AWS services, bug fixes,
and security updates please upgrade to node >=22.

More information can be found at: https://a.co/c895JFp
(UsMongoDB connected....
‚úàÔ∏è  Airport cache initialized: 50 airports loaded
[32m[nodemon] restarting due to ch[32m[nodemon][32m[nodemon] starting `node src/server.js`[39m
‚óá injected env (10) from .env // ‚óá injected env (10) from .env // tip: ‚åò enable debugging { debug: true }
‚óá injected env (0) from .env // tip: ‚óà se‚óá injected env (0) from .env // t‚óá injected env (0) from .env // tip: ‚åò enable debugg‚óá injected env (0)‚óá injected env (0) from .env // tip: ‚åò override exis‚óá injected env (0) fro‚óá injected env (0) from .env // tip: ‚åò enable debugging { debug: true }
‚óá injected env (0) from .env // tip: ‚åÅ auth for agents [www.vestauth.com]
‚óá injected env (0) from .env // tip: ‚åò supp13270
(node:13270) Warning13269
(node:13269) Warning: NodeVersionSupportWarning: The AWS SDK for JavaScript (v3)
versions published after the first week of January 2027
will require node >=22. You are running node v20.20.0.

To continue receiving updates to AWS services, bug fixes,
and security updates please upgrade to node >=22.

More information can be found at: https://a.co/c895JFp
(Use `node --trace-warnings ...` to show where the warning was creMongoDB connected....
‚úàÔMongoDB connected....
‚úàÔ∏è  Airport cache initia‚úÖ City cache initialized‚úÖ City cache initialized: 1224 cities loaded
üåÜ Cities seeded successfully from JSON
‚úàÔ∏è  Airport cache initialized: 50 airports loaded
‚úàÔ∏è  Airports seeded successfully from JSON
The server is [32m[nodemon] restarting due to changes...[39m
[32m[nodemon] starting `node src/server.js`[39m
‚óá injected env (10) from‚óá injected env (10) from .env // tip: ‚åò multiple fi‚óá injected env (0) from .env // tip‚óá injected env (0) from .env // tip: ‚óá injected env (0) from .env // tip: ‚å‚óá injected env (0) from .env // tip‚óá injected env (0) from .env // tip: ‚åò suppress ‚óá injected env (0) ‚óá injected env (0) from .env // tip: ‚åò override existing { override: true }
‚óá injected env (0) from .env // tip: ‚óà secrets for agents [www.dotenvx.com]
‚óá injected env (0) from .env // tip: ‚åò multiple files { path: ['.env.local', '.env'] }
13312
(node:13312) Warning: NodeVersionSupportWarning: The AWS SDK for JavaScript (v3)
versions published after the first week of January 2027
will require node >=22. You are running node v20.20.0.

To continue receiving updates to AWS services, bug fixes,
and security updates please upgrade to node >=22.

More information can be found at: https://a.co/c895JFp
(Use `node --trace-warnings ...` to show where the warning was created)
Redis connected....
MongoDB connected....
‚úàÔ∏è  Airport MongoDB connected....
‚úàÔ∏è  Airport ‚úÖ City cache initialized: 1224 citie‚úÖ City cache initialized: 1224 cities loaded
üåÜ Cities seeded successfully from JSON
‚úàÔ∏è  Airport cache initialized: 50 airports loaded
‚úàÔ∏è  Airports seeded successfully from JSON
Th[32m[nodemon] restarting due to changes...[39m
[32m[nodemon] starting `node src/server.js`[39m
‚óá injected env (10) from .env // tip: ‚åò override existing { override: true }
‚óá injected env (0) from .env // tip: ‚åÅ auth for agents [www.vestauth.com]
‚óá injected env (0) from .env // tip: ‚åò enable debugging { debug: true }
‚óá injected env (0) from .env // tip: ‚åÅ auth for agents [www.vestauth.com]
‚óá injected env (0) from .env // tip: ‚åò override existing { override: true }
‚óá injected env (0) from .env // tip: ‚åò custom filepath { path: '/custom/path/.env' }
‚óá injected env (0) from .env // tip: ‚óà encrypted .env [www.dotenvx.com]
13382
(node:13382) Warning: NodeVersionSupportWarning: The AWS SDK for JavaScript (v3)
versions published after the first week of January 2027
will require node >=22. You are running node v20.20.0.

To continue receiving updates to AWS services, bug fixes,
and security updates please upgrade to node >=22.

More information can be found at: https://a.co/c895JFp
(Use `node --trace-warnings ...` to show where the warning was created)
Redis connected....
MongoDB connected....
‚úàÔ∏è  Airport cache initialized: 50 airports loaded
‚úÖ City cache initialized: 1224 cities loaded
üåÜ Cities seeded successfully from JSON
‚úàÔ∏è  Airport cache initialized: 50 airports loaded
‚úàÔ∏è  Airports seeded successfully from JSON
The server is running at the port: 3000
[32m[nodemon] restarting due to changes...[39m
[32m[nodemon] starting `node src/server.js`[39m
‚óá injected env (10) from .env // tip: ‚åò multiple files { path: ['.env.local', '.env'] }
‚óá injected env (0) from .env // tip: ‚åò custom filepath { path: '/custom/path/.env' }
‚óá injected env (0) fro‚óá injected env (0) from .env // tip: ‚åò multiple file‚óá injected env (0) from .env // tip: ‚åò custom filepath { path: '/custom/path/.env' }
‚óá injected env (0) from .env // tip: ‚åò enable debugging { debug: true }
‚óá injected env (0) from .env // tip: ‚åò enable debugging { debug: true }
‚óá injected env (0) from .env // tip: ‚óà secrets for agents [www.dotenvx.com]
13418
(node:13418) Warning: NodeVersionSupportWarning: The AWS SDK for JavaScript (v3)
versions published after the first week of January 2027
will require node >=22. You are running node v20.20.0.

To continue receiving updates to AWS services, bug fixes,
and security updates please upgrade to node >=22.

More information can be found at: https://a.co/c895JFp
(Use `node --trace-warnings ...` to show where the warning was created)
Redis connected....
MongoDB connected....
‚úàÔ∏è  Airport cache initia‚úàÔ∏è  Airport cache init‚úÖ City cache initialized: 1224 cities loaded
üåÜ Cities seeded successfully from JSON
‚úàÔ∏è  Airport cache initialized: 50 airports loaded
‚úàÔ∏è  Airports seeded successfully from JSON
The server is running at the port: 3000
[32m[nodemon] restarting due to changes...[39m
[32m[nodemon] starting `node src/server.js`[39m
‚óá injected env (10) from .env // tip: ‚åÅ auth for agents [www.vestauth.com]
‚óá injected env (0) from .env // tip: ‚åò multiple files { path: ['.env.local', '.env'] }
‚óá injected env (0) from .env // tip: ‚åò custom filepath { path: '/custom/path/.env' }
‚óá injected env (0) from .env // tip: ‚åò override existing { override: true }
‚óá injected env (0) from .env // tip: ‚åò override existing { override: true }
‚óá injected env (0) from .env // tip: ‚åò multiple files { path: ['.env.local', '.env'] }
‚óá injected env (0) from .env // tip: ‚åò enable debugging { debug: true }
13461
(node:13461) Warning: NodeVersionSupportWarning: The AWS SDK for JavaScript (v3)
versions published after the first week of January 2027
will require node >=22. You are running node v20.20.0.

To continue receiving updates to AWS services, bug fixes,
and security updates please upgrade to node >=22.

More information can be found at: https://a.co/c895JFp
(Use `node --trace-warnings ...` to show where the warning was created)
Redis connected....
MongoDB connected....
‚úàÔ∏è  Airport cache initialized: 50 airports loaded
‚‚úÖ City cache initialized: 1224 cities loaded
üåÜ Cities seeded successfully from JSON‚‚úàÔ∏è  Airport cache initialized: 50 airports loaded
‚úàÔ∏è  Airports seeded successfully from JSON
The server is running at the port: 3000
